<?xml version="1.0" encoding="UTF-8"?>
<!-- Generated by org.testng.reporters.JUnitXMLReporter -->
<testsuite hostname="HPi3" ignored="0" name="Test" tests="4" failures="1" timestamp="25 Aug 2018 18:40:57 GMT" time="182.946" errors="0">
  <testcase name="Testfacebook1" time="31.506" classname="testScript.Testfacebook"/>
  <testcase name="TestInstagram1" time="24.806" classname="testScript.TestInsta"/>
  <testcase name="TestLinkedIn1" time="23.85" classname="testScript.TestLinkedIn"/>
  <testcase name="TestTwitter1" time="40.99" classname="testScript.TestTwitter">
    <failure type="java.lang.AssertionError" message="expected [Login on Twitter] but found [Twitter]">
      <![CDATA[java.lang.AssertionError: expected [Login on Twitter] but found [Twitter]
at testScript.TestTwitter.TestTwitter1(TestTwitter.java:24)
... Removed 31 stack frames]]>
    </failure>
  </testcase> <!-- TestTwitter1 -->
</testsuite> <!-- Test -->
