<?xml version="1.0" encoding="UTF-8"?>
<!-- Generated by org.testng.reporters.JUnitXMLReporter -->
<testsuite hostname="HPi3" ignored="0" name="Test" tests="4" failures="2" timestamp="11 Aug 2018 13:25:17 GMT" time="116.93" errors="0">
  <testcase name="testFaceBookLink" time="22.78" classname="testScripts.Test2">
    <failure type="java.lang.AssertionError" message="expected [Facebook – log in or sign up1] but found [Facebook – log in or sign up]">
      <![CDATA[java.lang.AssertionError: expected [Facebook – log in or sign up1] but found [Facebook – log in or sign up]
at testScripts.Test2.testFaceBookLink(Test2.java:20)
... Removed 31 stack frames]]>
    </failure>
  </testcase> <!-- testFaceBookLink -->
  <testcase name="testGoogleLink" time="15.211" classname="testScripts.Test3"/>
  <testcase name="testGoogleLink" time="15.032" classname="testScripts.Test1">
    <failure type="java.lang.AssertionError" message="expected [Google1] but found [Google]">
      <![CDATA[java.lang.AssertionError: expected [Google1] but found [Google]
at testScripts.Test1.testGoogleLink(Test1.java:18)
... Removed 31 stack frames]]>
    </failure>
  </testcase> <!-- testGoogleLink -->
  <testcase name="testGoogleLink" time="32.673" classname="testScripts.Test4"/>
</testsuite> <!-- Test -->
